2017-06-17 16:17:45,824 [Worker-10] INFO  o.e.m.c.i.p.ProjectConfigurationManager - Collecting project info '/pom.xml' C:\Users\Shafna Shroff\Desktop\Sf\FantezyBackend\pom.xml
2017-06-17 16:17:49,410 [Worker-10] INFO  o.e.m.c.i.l.LifecycleMappingFactory - Using org.eclipse.m2e.jdt.JarLifecycleMapping lifecycle mapping for MavenProject: com.fantezy:FantezyBackend:0.0.1-SNAPSHOT @ C:\Users\Shafna Shroff\Desktop\Sf\FantezyBackend\pom.xml.
2017-06-17 16:17:51,443 [Worker-10] INFO  o.e.m.j.i.AbstractJavaProjectConfigurator - Adding source folder /FantezyBackend/src/main/java
2017-06-17 16:17:51,450 [Worker-10] INFO  o.e.m.j.i.AbstractJavaProjectConfigurator - Adding source folder /FantezyBackend/src/test/java
2017-06-17 16:17:52,308 [Worker-10] INFO  o.e.m.c.i.p.ProjectConfigurationManager - Imported and configured 1 project(s) in 6 sec
2017-06-17 16:17:53,193 [Worker-0] INFO  o.e.m.c.i.embedder.EclipseLogger - Using 'UTF-8' encoding to copy filtered resources.
2017-06-17 16:17:53,195 [Worker-0] INFO  o.e.m.c.i.embedder.EclipseLogger - skip non existing resourceDirectory C:\Users\Shafna Shroff\Desktop\Sf\FantezyBackend\src\main\resources
2017-06-17 16:17:53,199 [Worker-0] INFO  o.e.m.c.i.embedder.EclipseLogger - Using 'UTF-8' encoding to copy filtered resources.
2017-06-17 16:17:53,199 [Worker-0] INFO  o.e.m.c.i.embedder.EclipseLogger - skip non existing resourceDirectory C:\Users\Shafna Shroff\Desktop\Sf\FantezyBackend\src\test\resources
2017-06-17 16:20:08,496 [Worker-2] INFO  o.e.m.c.i.embedder.EclipseLogger - Using 'UTF-8' encoding to copy filtered resources.
2017-06-17 16:20:08,497 [Worker-2] INFO  o.e.m.c.i.embedder.EclipseLogger - skip non existing resourceDirectory C:\Users\Shafna Shroff\Desktop\Sf\FantezyBackend\src\main\resources
2017-06-17 16:20:08,499 [Worker-2] INFO  o.e.m.c.i.embedder.EclipseLogger - Using 'UTF-8' encoding to copy filtered resources.
2017-06-17 16:20:08,499 [Worker-2] INFO  o.e.m.c.i.embedder.EclipseLogger - skip non existing resourceDirectory C:\Users\Shafna Shroff\Desktop\Sf\FantezyBackend\src\test\resources
2017-06-17 16:21:26,052 [Worker-10] INFO  o.e.m.c.i.embedder.EclipseLogger - Using 'UTF-8' encoding to copy filtered resources.
2017-06-17 16:21:26,052 [Worker-10] INFO  o.e.m.c.i.embedder.EclipseLogger - skip non existing resourceDirectory C:\Users\Shafna Shroff\Desktop\Sf\FantezyBackend\src\main\resources
2017-06-17 16:21:26,054 [Worker-10] INFO  o.e.m.c.i.embedder.EclipseLogger - Using 'UTF-8' encoding to copy filtered resources.
2017-06-17 16:21:26,055 [Worker-10] INFO  o.e.m.c.i.embedder.EclipseLogger - skip non existing resourceDirectory C:\Users\Shafna Shroff\Desktop\Sf\FantezyBackend\src\test\resources
2017-06-17 16:29:05,190 [Worker-14] INFO  o.e.m.c.i.l.LifecycleMappingFactory - Using org.eclipse.m2e.jdt.JarLifecycleMapping lifecycle mapping for MavenProject: com.fantezy:FantezyBackend:0.0.1-SNAPSHOT @ C:\Users\Shafna Shroff\Desktop\Sf\FantezyBackend\pom.xml.
2017-06-17 16:29:06,091 [Worker-14] INFO  o.e.m.c.i.embedder.EclipseLogger - Using 'UTF-8' encoding to copy filtered resources.
2017-06-17 16:29:06,091 [Worker-14] INFO  o.e.m.c.i.embedder.EclipseLogger - skip non existing resourceDirectory C:\Users\Shafna Shroff\Desktop\Sf\FantezyBackend\src\main\resources
2017-06-17 16:29:06,094 [Worker-14] INFO  o.e.m.c.i.embedder.EclipseLogger - Using 'UTF-8' encoding to copy filtered resources.
2017-06-17 16:29:06,094 [Worker-14] INFO  o.e.m.c.i.embedder.EclipseLogger - skip non existing resourceDirectory C:\Users\Shafna Shroff\Desktop\Sf\FantezyBackend\src\test\resources
2017-06-17 16:29:26,548 [Worker-19] INFO  o.e.m.c.i.l.LifecycleMappingFactory - Using org.eclipse.m2e.jdt.JarLifecycleMapping lifecycle mapping for MavenProject: com.fantezy:FantezyBackend:0.0.1-SNAPSHOT @ C:\Users\Shafna Shroff\Desktop\Sf\FantezyBackend\pom.xml.
2017-06-17 16:29:27,320 [Worker-19] INFO  o.e.m.c.i.embedder.EclipseLogger - Using 'UTF-8' encoding to copy filtered resources.
2017-06-17 16:29:27,321 [Worker-19] INFO  o.e.m.c.i.embedder.EclipseLogger - skip non existing resourceDirectory C:\Users\Shafna Shroff\Desktop\Sf\FantezyBackend\src\main\resources
2017-06-17 16:29:27,323 [Worker-19] INFO  o.e.m.c.i.embedder.EclipseLogger - Using 'UTF-8' encoding to copy filtered resources.
2017-06-17 16:29:27,324 [Worker-19] INFO  o.e.m.c.i.embedder.EclipseLogger - skip non existing resourceDirectory C:\Users\Shafna Shroff\Desktop\Sf\FantezyBackend\src\test\resources
2017-06-17 16:29:29,329 [Worker-20] INFO  o.e.m.c.i.embedder.EclipseLogger - Using 'UTF-8' encoding to copy filtered resources.
2017-06-17 16:29:29,330 [Worker-20] INFO  o.e.m.c.i.embedder.EclipseLogger - skip non existing resourceDirectory C:\Users\Shafna Shroff\Desktop\Sf\FantezyBackend\src\main\resources
2017-06-17 16:29:29,331 [Worker-20] INFO  o.e.m.c.i.embedder.EclipseLogger - Using 'UTF-8' encoding to copy filtered resources.
2017-06-17 16:29:29,332 [Worker-20] INFO  o.e.m.c.i.embedder.EclipseLogger - skip non existing resourceDirectory C:\Users\Shafna Shroff\Desktop\Sf\FantezyBackend\src\test\resources
2017-06-17 16:30:39,145 [Worker-20] INFO  o.e.m.c.i.embedder.EclipseLogger - Using 'UTF-8' encoding to copy filtered resources.
2017-06-17 16:30:39,146 [Worker-20] INFO  o.e.m.c.i.embedder.EclipseLogger - skip non existing resourceDirectory C:\Users\Shafna Shroff\Desktop\Sf\FantezyBackend\src\main\resources
2017-06-17 16:30:39,148 [Worker-20] INFO  o.e.m.c.i.embedder.EclipseLogger - Using 'UTF-8' encoding to copy filtered resources.
2017-06-17 16:30:39,149 [Worker-20] INFO  o.e.m.c.i.embedder.EclipseLogger - skip non existing resourceDirectory C:\Users\Shafna Shroff\Desktop\Sf\FantezyBackend\src\test\resources
2017-06-17 16:35:40,710 [Worker-23] INFO  o.e.m.c.i.embedder.EclipseLogger - Using 'UTF-8' encoding to copy filtered resources.
2017-06-17 16:35:40,711 [Worker-23] INFO  o.e.m.c.i.embedder.EclipseLogger - skip non existing resourceDirectory C:\Users\Shafna Shroff\Desktop\Sf\FantezyBackend\src\main\resources
2017-06-17 16:35:40,714 [Worker-23] INFO  o.e.m.c.i.embedder.EclipseLogger - Using 'UTF-8' encoding to copy filtered resources.
2017-06-17 16:35:40,715 [Worker-23] INFO  o.e.m.c.i.embedder.EclipseLogger - skip non existing resourceDirectory C:\Users\Shafna Shroff\Desktop\Sf\FantezyBackend\src\test\resources
2017-06-17 16:35:56,798 [Worker-14] INFO  o.e.m.c.i.embedder.EclipseLogger - Using 'UTF-8' encoding to copy filtered resources.
2017-06-17 16:35:56,800 [Worker-14] INFO  o.e.m.c.i.embedder.EclipseLogger - skip non existing resourceDirectory C:\Users\Shafna Shroff\Desktop\Sf\FantezyBackend\src\main\resources
2017-06-17 16:35:56,804 [Worker-14] INFO  o.e.m.c.i.embedder.EclipseLogger - Using 'UTF-8' encoding to copy filtered resources.
2017-06-17 16:35:56,805 [Worker-14] INFO  o.e.m.c.i.embedder.EclipseLogger - skip non existing resourceDirectory C:\Users\Shafna Shroff\Desktop\Sf\FantezyBackend\src\test\resources
2017-06-17 16:38:57,486 [Worker-23] INFO  o.e.m.c.i.embedder.EclipseLogger - Using 'UTF-8' encoding to copy filtered resources.
2017-06-17 16:38:57,486 [Worker-23] INFO  o.e.m.c.i.embedder.EclipseLogger - skip non existing resourceDirectory C:\Users\Shafna Shroff\Desktop\Sf\FantezyBackend\src\main\resources
2017-06-17 16:38:57,489 [Worker-23] INFO  o.e.m.c.i.embedder.EclipseLogger - Using 'UTF-8' encoding to copy filtered resources.
2017-06-17 16:38:57,490 [Worker-23] INFO  o.e.m.c.i.embedder.EclipseLogger - skip non existing resourceDirectory C:\Users\Shafna Shroff\Desktop\Sf\FantezyBackend\src\test\resources
2017-06-17 16:39:25,955 [Worker-24] INFO  o.e.m.c.i.embedder.EclipseLogger - Using 'UTF-8' encoding to copy filtered resources.
2017-06-17 16:39:25,957 [Worker-24] INFO  o.e.m.c.i.embedder.EclipseLogger - skip non existing resourceDirectory C:\Users\Shafna Shroff\Desktop\Sf\FantezyBackend\src\main\resources
2017-06-17 16:39:25,960 [Worker-24] INFO  o.e.m.c.i.embedder.EclipseLogger - Using 'UTF-8' encoding to copy filtered resources.
2017-06-17 16:39:25,961 [Worker-24] INFO  o.e.m.c.i.embedder.EclipseLogger - skip non existing resourceDirectory C:\Users\Shafna Shroff\Desktop\Sf\FantezyBackend\src\test\resources
2017-06-17 16:41:44,763 [Worker-24] INFO  o.e.m.c.i.embedder.EclipseLogger - Using 'UTF-8' encoding to copy filtered resources.
2017-06-17 16:41:44,764 [Worker-24] INFO  o.e.m.c.i.embedder.EclipseLogger - skip non existing resourceDirectory C:\Users\Shafna Shroff\Desktop\Sf\FantezyBackend\src\main\resources
2017-06-17 16:41:44,768 [Worker-24] INFO  o.e.m.c.i.embedder.EclipseLogger - Using 'UTF-8' encoding to copy filtered resources.
2017-06-17 16:41:44,768 [Worker-24] INFO  o.e.m.c.i.embedder.EclipseLogger - skip non existing resourceDirectory C:\Users\Shafna Shroff\Desktop\Sf\FantezyBackend\src\test\resources
2017-06-17 16:44:43,265 [Worker-20] INFO  o.e.m.c.i.embedder.EclipseLogger - Using 'UTF-8' encoding to copy filtered resources.
2017-06-17 16:44:43,266 [Worker-20] INFO  o.e.m.c.i.embedder.EclipseLogger - skip non existing resourceDirectory C:\Users\Shafna Shroff\Desktop\Sf\FantezyBackend\src\main\resources
2017-06-17 16:44:43,268 [Worker-20] INFO  o.e.m.c.i.embedder.EclipseLogger - Using 'UTF-8' encoding to copy filtered resources.
2017-06-17 16:44:43,268 [Worker-20] INFO  o.e.m.c.i.embedder.EclipseLogger - skip non existing resourceDirectory C:\Users\Shafna Shroff\Desktop\Sf\FantezyBackend\src\test\resources
2017-06-17 16:44:54,969 [Worker-25] INFO  o.e.m.c.i.embedder.EclipseLogger - Using 'UTF-8' encoding to copy filtered resources.
2017-06-17 16:44:54,970 [Worker-25] INFO  o.e.m.c.i.embedder.EclipseLogger - skip non existing resourceDirectory C:\Users\Shafna Shroff\Desktop\Sf\FantezyBackend\src\main\resources
2017-06-17 16:44:54,971 [Worker-25] INFO  o.e.m.c.i.embedder.EclipseLogger - Using 'UTF-8' encoding to copy filtered resources.
2017-06-17 16:44:54,971 [Worker-25] INFO  o.e.m.c.i.embedder.EclipseLogger - skip non existing resourceDirectory C:\Users\Shafna Shroff\Desktop\Sf\FantezyBackend\src\test\resources
2017-06-17 16:47:42,185 [Worker-26] INFO  o.e.m.c.i.embedder.EclipseLogger - Using 'UTF-8' encoding to copy filtered resources.
2017-06-17 16:47:42,186 [Worker-26] INFO  o.e.m.c.i.embedder.EclipseLogger - skip non existing resourceDirectory C:\Users\Shafna Shroff\Desktop\Sf\FantezyBackend\src\main\resources
2017-06-17 16:47:42,188 [Worker-26] INFO  o.e.m.c.i.embedder.EclipseLogger - Using 'UTF-8' encoding to copy filtered resources.
2017-06-17 16:47:42,189 [Worker-26] INFO  o.e.m.c.i.embedder.EclipseLogger - skip non existing resourceDirectory C:\Users\Shafna Shroff\Desktop\Sf\FantezyBackend\src\test\resources
2017-06-17 16:48:12,321 [Worker-25] INFO  o.e.m.c.i.embedder.EclipseLogger - Using 'UTF-8' encoding to copy filtered resources.
2017-06-17 16:48:12,322 [Worker-25] INFO  o.e.m.c.i.embedder.EclipseLogger - skip non existing resourceDirectory C:\Users\Shafna Shroff\Desktop\Sf\FantezyBackend\src\main\resources
2017-06-17 16:48:12,325 [Worker-25] INFO  o.e.m.c.i.embedder.EclipseLogger - Using 'UTF-8' encoding to copy filtered resources.
2017-06-17 16:48:12,326 [Worker-25] INFO  o.e.m.c.i.embedder.EclipseLogger - skip non existing resourceDirectory C:\Users\Shafna Shroff\Desktop\Sf\FantezyBackend\src\test\resources
2017-06-17 16:48:25,908 [Worker-24] INFO  o.e.m.c.i.embedder.EclipseLogger - Using 'UTF-8' encoding to copy filtered resources.
2017-06-17 16:48:25,909 [Worker-24] INFO  o.e.m.c.i.embedder.EclipseLogger - skip non existing resourceDirectory C:\Users\Shafna Shroff\Desktop\Sf\FantezyBackend\src\main\resources
2017-06-17 16:48:25,911 [Worker-24] INFO  o.e.m.c.i.embedder.EclipseLogger - Using 'UTF-8' encoding to copy filtered resources.
2017-06-17 16:48:25,912 [Worker-24] INFO  o.e.m.c.i.embedder.EclipseLogger - skip non existing resourceDirectory C:\Users\Shafna Shroff\Desktop\Sf\FantezyBackend\src\test\resources
2017-06-17 16:49:50,724 [Worker-27] INFO  o.e.m.c.i.embedder.EclipseLogger - Using 'UTF-8' encoding to copy filtered resources.
2017-06-17 16:49:50,726 [Worker-27] INFO  o.e.m.c.i.embedder.EclipseLogger - skip non existing resourceDirectory C:\Users\Shafna Shroff\Desktop\Sf\FantezyBackend\src\main\resources
2017-06-17 16:49:50,728 [Worker-27] INFO  o.e.m.c.i.embedder.EclipseLogger - Using 'UTF-8' encoding to copy filtered resources.
2017-06-17 16:49:50,729 [Worker-27] INFO  o.e.m.c.i.embedder.EclipseLogger - skip non existing resourceDirectory C:\Users\Shafna Shroff\Desktop\Sf\FantezyBackend\src\test\resources
2017-06-17 16:57:19,389 [Worker-23] INFO  o.e.m.c.i.embedder.EclipseLogger - Using 'UTF-8' encoding to copy filtered resources.
2017-06-17 16:57:19,389 [Worker-23] INFO  o.e.m.c.i.embedder.EclipseLogger - skip non existing resourceDirectory C:\Users\Shafna Shroff\Desktop\Sf\FantezyBackend\src\main\resources
2017-06-17 16:57:19,391 [Worker-23] INFO  o.e.m.c.i.embedder.EclipseLogger - Using 'UTF-8' encoding to copy filtered resources.
2017-06-17 16:57:19,392 [Worker-23] INFO  o.e.m.c.i.embedder.EclipseLogger - skip non existing resourceDirectory C:\Users\Shafna Shroff\Desktop\Sf\FantezyBackend\src\test\resources
2017-06-17 17:16:51,871 [Worker-23] INFO  o.e.m.c.i.embedder.EclipseLogger - Using 'UTF-8' encoding to copy filtered resources.
2017-06-17 17:16:51,873 [Worker-23] INFO  o.e.m.c.i.embedder.EclipseLogger - skip non existing resourceDirectory C:\Users\Shafna Shroff\Desktop\Sf\FantezyBackend\src\main\resources
2017-06-17 17:16:51,877 [Worker-23] INFO  o.e.m.c.i.embedder.EclipseLogger - Using 'UTF-8' encoding to copy filtered resources.
2017-06-17 17:16:51,878 [Worker-23] INFO  o.e.m.c.i.embedder.EclipseLogger - skip non existing resourceDirectory C:\Users\Shafna Shroff\Desktop\Sf\FantezyBackend\src\test\resources
2017-06-17 17:18:09,432 [Worker-27] INFO  o.e.m.c.i.embedder.EclipseLogger - Using 'UTF-8' encoding to copy filtered resources.
2017-06-17 17:18:09,433 [Worker-27] INFO  o.e.m.c.i.embedder.EclipseLogger - skip non existing resourceDirectory C:\Users\Shafna Shroff\Desktop\Sf\FantezyBackend\src\main\resources
2017-06-17 17:18:09,436 [Worker-27] INFO  o.e.m.c.i.embedder.EclipseLogger - Using 'UTF-8' encoding to copy filtered resources.
2017-06-17 17:18:09,437 [Worker-27] INFO  o.e.m.c.i.embedder.EclipseLogger - skip non existing resourceDirectory C:\Users\Shafna Shroff\Desktop\Sf\FantezyBackend\src\test\resources
2017-06-17 17:19:26,543 [Worker-27] INFO  o.e.m.c.i.embedder.EclipseLogger - Using 'UTF-8' encoding to copy filtered resources.
2017-06-17 17:19:26,544 [Worker-27] INFO  o.e.m.c.i.embedder.EclipseLogger - skip non existing resourceDirectory C:\Users\Shafna Shroff\Desktop\Sf\FantezyBackend\src\main\resources
2017-06-17 17:19:26,546 [Worker-27] INFO  o.e.m.c.i.embedder.EclipseLogger - Using 'UTF-8' encoding to copy filtered resources.
2017-06-17 17:19:26,547 [Worker-27] INFO  o.e.m.c.i.embedder.EclipseLogger - skip non existing resourceDirectory C:\Users\Shafna Shroff\Desktop\Sf\FantezyBackend\src\test\resources
2017-06-17 17:20:13,555 [Worker-28] INFO  o.e.m.c.i.embedder.EclipseLogger - Using 'UTF-8' encoding to copy filtered resources.
2017-06-17 17:20:13,561 [Worker-28] INFO  o.e.m.c.i.embedder.EclipseLogger - skip non existing resourceDirectory C:\Users\Shafna Shroff\Desktop\Sf\FantezyBackend\src\main\resources
2017-06-17 17:20:13,562 [Worker-28] INFO  o.e.m.c.i.embedder.EclipseLogger - Using 'UTF-8' encoding to copy filtered resources.
2017-06-17 17:20:13,563 [Worker-28] INFO  o.e.m.c.i.embedder.EclipseLogger - skip non existing resourceDirectory C:\Users\Shafna Shroff\Desktop\Sf\FantezyBackend\src\test\resources
2017-06-17 17:20:42,560 [Worker-28] INFO  o.e.m.c.i.embedder.EclipseLogger - Using 'UTF-8' encoding to copy filtered resources.
2017-06-17 17:20:42,561 [Worker-28] INFO  o.e.m.c.i.embedder.EclipseLogger - skip non existing resourceDirectory C:\Users\Shafna Shroff\Desktop\Sf\FantezyBackend\src\main\resources
2017-06-17 17:20:42,563 [Worker-28] INFO  o.e.m.c.i.embedder.EclipseLogger - Using 'UTF-8' encoding to copy filtered resources.
2017-06-17 17:20:42,563 [Worker-28] INFO  o.e.m.c.i.embedder.EclipseLogger - skip non existing resourceDirectory C:\Users\Shafna Shroff\Desktop\Sf\FantezyBackend\src\test\resources
2017-06-17 17:21:04,288 [Worker-24] INFO  o.e.m.c.i.embedder.EclipseLogger - Using 'UTF-8' encoding to copy filtered resources.
2017-06-17 17:21:04,288 [Worker-24] INFO  o.e.m.c.i.embedder.EclipseLogger - skip non existing resourceDirectory C:\Users\Shafna Shroff\Desktop\Sf\FantezyBackend\src\main\resources
2017-06-17 17:21:04,290 [Worker-24] INFO  o.e.m.c.i.embedder.EclipseLogger - Using 'UTF-8' encoding to copy filtered resources.
2017-06-17 17:21:04,291 [Worker-24] INFO  o.e.m.c.i.embedder.EclipseLogger - skip non existing resourceDirectory C:\Users\Shafna Shroff\Desktop\Sf\FantezyBackend\src\test\resources
2017-06-17 17:26:57,189 [Worker-27] INFO  o.e.m.c.i.embedder.EclipseLogger - Using 'UTF-8' encoding to copy filtered resources.
2017-06-17 17:26:57,190 [Worker-27] INFO  o.e.m.c.i.embedder.EclipseLogger - skip non existing resourceDirectory C:\Users\Shafna Shroff\Desktop\Sf\FantezyBackend\src\main\resources
2017-06-17 17:26:57,192 [Worker-27] INFO  o.e.m.c.i.embedder.EclipseLogger - Using 'UTF-8' encoding to copy filtered resources.
2017-06-17 17:26:57,192 [Worker-27] INFO  o.e.m.c.i.embedder.EclipseLogger - skip non existing resourceDirectory C:\Users\Shafna Shroff\Desktop\Sf\FantezyBackend\src\test\resources
2017-06-17 17:28:08,183 [Worker-31] INFO  o.e.m.c.i.embedder.EclipseLogger - Using 'UTF-8' encoding to copy filtered resources.
2017-06-17 17:28:08,184 [Worker-31] INFO  o.e.m.c.i.embedder.EclipseLogger - skip non existing resourceDirectory C:\Users\Shafna Shroff\Desktop\Sf\FantezyBackend\src\main\resources
2017-06-17 17:28:08,188 [Worker-31] INFO  o.e.m.c.i.embedder.EclipseLogger - Using 'UTF-8' encoding to copy filtered resources.
2017-06-17 17:28:08,189 [Worker-31] INFO  o.e.m.c.i.embedder.EclipseLogger - skip non existing resourceDirectory C:\Users\Shafna Shroff\Desktop\Sf\FantezyBackend\src\test\resources
2017-06-17 17:30:11,320 [Worker-29] INFO  o.e.m.c.i.embedder.EclipseLogger - Using 'UTF-8' encoding to copy filtered resources.
2017-06-17 17:30:11,321 [Worker-29] INFO  o.e.m.c.i.embedder.EclipseLogger - skip non existing resourceDirectory C:\Users\Shafna Shroff\Desktop\Sf\FantezyBackend\src\main\resources
2017-06-17 17:30:11,323 [Worker-29] INFO  o.e.m.c.i.embedder.EclipseLogger - Using 'UTF-8' encoding to copy filtered resources.
2017-06-17 17:30:11,323 [Worker-29] INFO  o.e.m.c.i.embedder.EclipseLogger - skip non existing resourceDirectory C:\Users\Shafna Shroff\Desktop\Sf\FantezyBackend\src\test\resources
2017-06-17 17:30:34,808 [Worker-28] INFO  o.e.m.c.i.embedder.EclipseLogger - Using 'UTF-8' encoding to copy filtered resources.
2017-06-17 17:30:34,809 [Worker-28] INFO  o.e.m.c.i.embedder.EclipseLogger - skip non existing resourceDirectory C:\Users\Shafna Shroff\Desktop\Sf\FantezyBackend\src\main\resources
2017-06-17 17:30:34,811 [Worker-28] INFO  o.e.m.c.i.embedder.EclipseLogger - Using 'UTF-8' encoding to copy filtered resources.
2017-06-17 17:30:34,811 [Worker-28] INFO  o.e.m.c.i.embedder.EclipseLogger - skip non existing resourceDirectory C:\Users\Shafna Shroff\Desktop\Sf\FantezyBackend\src\test\resources
2017-06-17 17:32:00,140 [Worker-29] INFO  o.e.m.c.i.embedder.EclipseLogger - Using 'UTF-8' encoding to copy filtered resources.
2017-06-17 17:32:00,141 [Worker-29] INFO  o.e.m.c.i.embedder.EclipseLogger - skip non existing resourceDirectory C:\Users\Shafna Shroff\Desktop\Sf\FantezyBackend\src\main\resources
2017-06-17 17:32:00,142 [Worker-29] INFO  o.e.m.c.i.embedder.EclipseLogger - Using 'UTF-8' encoding to copy filtered resources.
2017-06-17 17:32:00,143 [Worker-29] INFO  o.e.m.c.i.embedder.EclipseLogger - skip non existing resourceDirectory C:\Users\Shafna Shroff\Desktop\Sf\FantezyBackend\src\test\resources
2017-06-17 17:32:34,735 [Worker-23] INFO  o.e.m.c.i.embedder.EclipseLogger - Using 'UTF-8' encoding to copy filtered resources.
2017-06-17 17:32:34,735 [Worker-23] INFO  o.e.m.c.i.embedder.EclipseLogger - skip non existing resourceDirectory C:\Users\Shafna Shroff\Desktop\Sf\FantezyBackend\src\main\resources
2017-06-17 17:32:34,737 [Worker-23] INFO  o.e.m.c.i.embedder.EclipseLogger - Using 'UTF-8' encoding to copy filtered resources.
2017-06-17 17:32:34,738 [Worker-23] INFO  o.e.m.c.i.embedder.EclipseLogger - skip non existing resourceDirectory C:\Users\Shafna Shroff\Desktop\Sf\FantezyBackend\src\test\resources
2017-06-17 17:33:15,538 [Worker-31] INFO  o.e.m.c.i.embedder.EclipseLogger - Using 'UTF-8' encoding to copy filtered resources.
2017-06-17 17:33:15,539 [Worker-31] INFO  o.e.m.c.i.embedder.EclipseLogger - skip non existing resourceDirectory C:\Users\Shafna Shroff\Desktop\Sf\FantezyBackend\src\main\resources
2017-06-17 17:33:15,541 [Worker-31] INFO  o.e.m.c.i.embedder.EclipseLogger - Using 'UTF-8' encoding to copy filtered resources.
2017-06-17 17:33:15,542 [Worker-31] INFO  o.e.m.c.i.embedder.EclipseLogger - skip non existing resourceDirectory C:\Users\Shafna Shroff\Desktop\Sf\FantezyBackend\src\test\resources
2017-06-17 17:33:27,257 [Worker-23] INFO  o.e.m.c.i.embedder.EclipseLogger - Using 'UTF-8' encoding to copy filtered resources.
2017-06-17 17:33:27,257 [Worker-23] INFO  o.e.m.c.i.embedder.EclipseLogger - skip non existing resourceDirectory C:\Users\Shafna Shroff\Desktop\Sf\FantezyBackend\src\main\resources
2017-06-17 17:33:27,258 [Worker-23] INFO  o.e.m.c.i.embedder.EclipseLogger - Using 'UTF-8' encoding to copy filtered resources.
2017-06-17 17:33:27,258 [Worker-23] INFO  o.e.m.c.i.embedder.EclipseLogger - skip non existing resourceDirectory C:\Users\Shafna Shroff\Desktop\Sf\FantezyBackend\src\test\resources
2017-06-17 17:33:37,081 [Worker-29] INFO  o.e.m.c.i.embedder.EclipseLogger - Using 'UTF-8' encoding to copy filtered resources.
2017-06-17 17:33:37,082 [Worker-29] INFO  o.e.m.c.i.embedder.EclipseLogger - skip non existing resourceDirectory C:\Users\Shafna Shroff\Desktop\Sf\FantezyBackend\src\main\resources
2017-06-17 17:33:37,084 [Worker-29] INFO  o.e.m.c.i.embedder.EclipseLogger - Using 'UTF-8' encoding to copy filtered resources.
2017-06-17 17:33:37,084 [Worker-29] INFO  o.e.m.c.i.embedder.EclipseLogger - skip non existing resourceDirectory C:\Users\Shafna Shroff\Desktop\Sf\FantezyBackend\src\test\resources
2017-06-17 17:36:17,815 [Worker-27] INFO  o.e.m.c.i.embedder.EclipseLogger - Using 'UTF-8' encoding to copy filtered resources.
2017-06-17 17:36:17,816 [Worker-27] INFO  o.e.m.c.i.embedder.EclipseLogger - skip non existing resourceDirectory C:\Users\Shafna Shroff\Desktop\Sf\FantezyBackend\src\main\resources
2017-06-17 17:36:17,820 [Worker-27] INFO  o.e.m.c.i.embedder.EclipseLogger - Using 'UTF-8' encoding to copy filtered resources.
2017-06-17 17:36:17,821 [Worker-27] INFO  o.e.m.c.i.embedder.EclipseLogger - skip non existing resourceDirectory C:\Users\Shafna Shroff\Desktop\Sf\FantezyBackend\src\test\resources
2017-06-17 17:41:57,443 [Worker-28] INFO  o.e.m.c.i.embedder.EclipseLogger - Using 'UTF-8' encoding to copy filtered resources.
2017-06-17 17:41:57,445 [Worker-28] INFO  o.e.m.c.i.embedder.EclipseLogger - skip non existing resourceDirectory C:\Users\Shafna Shroff\Desktop\Sf\FantezyBackend\src\main\resources
2017-06-17 17:41:57,448 [Worker-28] INFO  o.e.m.c.i.embedder.EclipseLogger - Using 'UTF-8' encoding to copy filtered resources.
2017-06-17 17:41:57,449 [Worker-28] INFO  o.e.m.c.i.embedder.EclipseLogger - skip non existing resourceDirectory C:\Users\Shafna Shroff\Desktop\Sf\FantezyBackend\src\test\resources
2017-06-17 17:47:27,040 [Worker-23] INFO  o.e.m.c.i.embedder.EclipseLogger - Using 'UTF-8' encoding to copy filtered resources.
2017-06-17 17:47:27,040 [Worker-23] INFO  o.e.m.c.i.embedder.EclipseLogger - skip non existing resourceDirectory C:\Users\Shafna Shroff\Desktop\Sf\FantezyBackend\src\main\resources
2017-06-17 17:47:27,042 [Worker-23] INFO  o.e.m.c.i.embedder.EclipseLogger - Using 'UTF-8' encoding to copy filtered resources.
2017-06-17 17:47:27,042 [Worker-23] INFO  o.e.m.c.i.embedder.EclipseLogger - skip non existing resourceDirectory C:\Users\Shafna Shroff\Desktop\Sf\FantezyBackend\src\test\resources
2017-06-17 17:48:12,673 [Worker-38] INFO  o.e.m.c.i.embedder.EclipseLogger - Using 'UTF-8' encoding to copy filtered resources.
2017-06-17 17:48:12,674 [Worker-38] INFO  o.e.m.c.i.embedder.EclipseLogger - skip non existing resourceDirectory C:\Users\Shafna Shroff\Desktop\Sf\FantezyBackend\src\main\resources
2017-06-17 17:48:12,678 [Worker-38] INFO  o.e.m.c.i.embedder.EclipseLogger - Using 'UTF-8' encoding to copy filtered resources.
2017-06-17 17:48:12,679 [Worker-38] INFO  o.e.m.c.i.embedder.EclipseLogger - skip non existing resourceDirectory C:\Users\Shafna Shroff\Desktop\Sf\FantezyBackend\src\test\resources
2017-06-19 11:06:51,013 [Worker-8] INFO  o.e.m.c.i.embedder.EclipseLogger - Using 'UTF-8' encoding to copy filtered resources.
2017-06-19 11:06:51,027 [Worker-8] INFO  o.e.m.c.i.embedder.EclipseLogger - skip non existing resourceDirectory C:\Users\Shafna Shroff\Desktop\Sf\FantezyBackend\src\main\resources
2017-06-19 11:06:51,030 [Worker-8] INFO  o.e.m.c.i.embedder.EclipseLogger - Using 'UTF-8' encoding to copy filtered resources.
2017-06-19 11:06:51,031 [Worker-8] INFO  o.e.m.c.i.embedder.EclipseLogger - skip non existing resourceDirectory C:\Users\Shafna Shroff\Desktop\Sf\FantezyBackend\src\test\resources
2017-06-19 11:31:35,948 [Worker-15] INFO  o.e.m.c.i.embedder.EclipseLogger - Using 'UTF-8' encoding to copy filtered resources.
2017-06-19 11:31:35,985 [Worker-15] INFO  o.e.m.c.i.embedder.EclipseLogger - skip non existing resourceDirectory C:\Users\Shafna Shroff\Desktop\Sf\FantezyBackend\src\main\resources
2017-06-19 11:31:35,989 [Worker-15] INFO  o.e.m.c.i.embedder.EclipseLogger - Using 'UTF-8' encoding to copy filtered resources.
2017-06-19 11:31:35,990 [Worker-15] INFO  o.e.m.c.i.embedder.EclipseLogger - skip non existing resourceDirectory C:\Users\Shafna Shroff\Desktop\Sf\FantezyBackend\src\test\resources
2017-06-19 11:36:46,348 [Worker-0] INFO  o.e.m.c.i.embedder.EclipseLogger - Using 'UTF-8' encoding to copy filtered resources.
2017-06-19 11:36:46,349 [Worker-0] INFO  o.e.m.c.i.embedder.EclipseLogger - skip non existing resourceDirectory C:\Users\Shafna Shroff\Desktop\Sf\FantezyBackend\src\main\resources
2017-06-19 11:36:46,353 [Worker-0] INFO  o.e.m.c.i.embedder.EclipseLogger - Using 'UTF-8' encoding to copy filtered resources.
2017-06-19 11:36:46,353 [Worker-0] INFO  o.e.m.c.i.embedder.EclipseLogger - skip non existing resourceDirectory C:\Users\Shafna Shroff\Desktop\Sf\FantezyBackend\src\test\resources
2017-06-19 11:38:02,063 [Worker-4] INFO  o.e.m.c.i.embedder.EclipseLogger - Using 'UTF-8' encoding to copy filtered resources.
2017-06-19 11:38:02,064 [Worker-4] INFO  o.e.m.c.i.embedder.EclipseLogger - skip non existing resourceDirectory C:\Users\Shafna Shroff\Desktop\Sf\FantezyBackend\src\main\resources
2017-06-19 11:38:02,066 [Worker-4] INFO  o.e.m.c.i.embedder.EclipseLogger - Using 'UTF-8' encoding to copy filtered resources.
2017-06-19 11:38:02,066 [Worker-4] INFO  o.e.m.c.i.embedder.EclipseLogger - skip non existing resourceDirectory C:\Users\Shafna Shroff\Desktop\Sf\FantezyBackend\src\test\resources
2017-06-19 12:00:59,131 [Worker-13] INFO  o.e.m.c.i.embedder.EclipseLogger - Using 'UTF-8' encoding to copy filtered resources.
2017-06-19 12:00:59,187 [Worker-13] INFO  o.e.m.c.i.embedder.EclipseLogger - skip non existing resourceDirectory C:\Users\Shafna Shroff\Desktop\Sf\FantezyBackend\src\main\resources
2017-06-19 12:00:59,190 [Worker-13] INFO  o.e.m.c.i.embedder.EclipseLogger - Using 'UTF-8' encoding to copy filtered resources.
2017-06-19 12:00:59,190 [Worker-13] INFO  o.e.m.c.i.embedder.EclipseLogger - skip non existing resourceDirectory C:\Users\Shafna Shroff\Desktop\Sf\FantezyBackend\src\test\resources
2017-06-19 12:01:43,258 [Worker-22] INFO  o.e.m.c.i.embedder.EclipseLogger - Using 'UTF-8' encoding to copy filtered resources.
2017-06-19 12:01:43,258 [Worker-22] INFO  o.e.m.c.i.embedder.EclipseLogger - skip non existing resourceDirectory C:\Users\Shafna Shroff\Desktop\Sf\FantezyBackend\src\main\resources
2017-06-19 12:01:43,261 [Worker-22] INFO  o.e.m.c.i.embedder.EclipseLogger - Using 'UTF-8' encoding to copy filtered resources.
2017-06-19 12:01:43,261 [Worker-22] INFO  o.e.m.c.i.embedder.EclipseLogger - skip non existing resourceDirectory C:\Users\Shafna Shroff\Desktop\Sf\FantezyBackend\src\test\resources
2017-06-19 12:05:44,501 [Worker-18] INFO  o.e.m.c.i.embedder.EclipseLogger - Using 'UTF-8' encoding to copy filtered resources.
2017-06-19 12:05:44,501 [Worker-18] INFO  o.e.m.c.i.embedder.EclipseLogger - skip non existing resourceDirectory C:\Users\Shafna Shroff\Desktop\Sf\FantezyBackend\src\main\resources
2017-06-19 12:05:44,503 [Worker-18] INFO  o.e.m.c.i.embedder.EclipseLogger - Using 'UTF-8' encoding to copy filtered resources.
2017-06-19 12:05:44,504 [Worker-18] INFO  o.e.m.c.i.embedder.EclipseLogger - skip non existing resourceDirectory C:\Users\Shafna Shroff\Desktop\Sf\FantezyBackend\src\test\resources
2017-06-19 12:16:52,318 [Worker-29] INFO  o.e.m.c.i.embedder.EclipseLogger - Using 'UTF-8' encoding to copy filtered resources.
2017-06-19 12:16:52,318 [Worker-29] INFO  o.e.m.c.i.embedder.EclipseLogger - skip non existing resourceDirectory C:\Users\Shafna Shroff\Desktop\Sf\FantezyBackend\src\main\resources
2017-06-19 12:16:52,320 [Worker-29] INFO  o.e.m.c.i.embedder.EclipseLogger - Using 'UTF-8' encoding to copy filtered resources.
2017-06-19 12:16:52,321 [Worker-29] INFO  o.e.m.c.i.embedder.EclipseLogger - skip non existing resourceDirectory C:\Users\Shafna Shroff\Desktop\Sf\FantezyBackend\src\test\resources
2017-06-19 12:27:09,230 [Worker-18] INFO  o.e.m.c.i.embedder.EclipseLogger - Using 'UTF-8' encoding to copy filtered resources.
2017-06-19 12:27:09,231 [Worker-18] INFO  o.e.m.c.i.embedder.EclipseLogger - skip non existing resourceDirectory C:\Users\Shafna Shroff\Desktop\Sf\FantezyBackend\src\main\resources
2017-06-19 12:27:09,233 [Worker-18] INFO  o.e.m.c.i.embedder.EclipseLogger - Using 'UTF-8' encoding to copy filtered resources.
2017-06-19 12:27:09,234 [Worker-18] INFO  o.e.m.c.i.embedder.EclipseLogger - skip non existing resourceDirectory C:\Users\Shafna Shroff\Desktop\Sf\FantezyBackend\src\test\resources
2017-06-19 12:27:50,841 [Worker-32] INFO  o.e.m.c.i.embedder.EclipseLogger - Using 'UTF-8' encoding to copy filtered resources.
2017-06-19 12:27:50,842 [Worker-32] INFO  o.e.m.c.i.embedder.EclipseLogger - skip non existing resourceDirectory C:\Users\Shafna Shroff\Desktop\Sf\FantezyBackend\src\main\resources
2017-06-19 12:27:50,844 [Worker-32] INFO  o.e.m.c.i.embedder.EclipseLogger - Using 'UTF-8' encoding to copy filtered resources.
2017-06-19 12:27:50,845 [Worker-32] INFO  o.e.m.c.i.embedder.EclipseLogger - skip non existing resourceDirectory C:\Users\Shafna Shroff\Desktop\Sf\FantezyBackend\src\test\resources
2017-06-19 12:28:15,248 [Worker-32] INFO  o.e.m.c.i.embedder.EclipseLogger - Using 'UTF-8' encoding to copy filtered resources.
2017-06-19 12:28:15,249 [Worker-32] INFO  o.e.m.c.i.embedder.EclipseLogger - skip non existing resourceDirectory C:\Users\Shafna Shroff\Desktop\Sf\FantezyBackend\src\main\resources
2017-06-19 12:28:15,252 [Worker-32] INFO  o.e.m.c.i.embedder.EclipseLogger - Using 'UTF-8' encoding to copy filtered resources.
2017-06-19 12:28:15,252 [Worker-32] INFO  o.e.m.c.i.embedder.EclipseLogger - skip non existing resourceDirectory C:\Users\Shafna Shroff\Desktop\Sf\FantezyBackend\src\test\resources
2017-06-19 12:28:43,164 [Worker-35] INFO  o.e.m.c.i.embedder.EclipseLogger - Using 'UTF-8' encoding to copy filtered resources.
2017-06-19 12:28:43,165 [Worker-35] INFO  o.e.m.c.i.embedder.EclipseLogger - skip non existing resourceDirectory C:\Users\Shafna Shroff\Desktop\Sf\FantezyBackend\src\main\resources
2017-06-19 12:28:43,168 [Worker-35] INFO  o.e.m.c.i.embedder.EclipseLogger - Using 'UTF-8' encoding to copy filtered resources.
2017-06-19 12:28:43,169 [Worker-35] INFO  o.e.m.c.i.embedder.EclipseLogger - skip non existing resourceDirectory C:\Users\Shafna Shroff\Desktop\Sf\FantezyBackend\src\test\resources
2017-06-19 12:29:02,537 [Worker-33] INFO  o.e.m.c.i.embedder.EclipseLogger - Using 'UTF-8' encoding to copy filtered resources.
2017-06-19 12:29:02,538 [Worker-33] INFO  o.e.m.c.i.embedder.EclipseLogger - skip non existing resourceDirectory C:\Users\Shafna Shroff\Desktop\Sf\FantezyBackend\src\main\resources
2017-06-19 12:29:02,539 [Worker-33] INFO  o.e.m.c.i.embedder.EclipseLogger - Using 'UTF-8' encoding to copy filtered resources.
2017-06-19 12:29:02,540 [Worker-33] INFO  o.e.m.c.i.embedder.EclipseLogger - skip non existing resourceDirectory C:\Users\Shafna Shroff\Desktop\Sf\FantezyBackend\src\test\resources
